<?xml version="1.0" encoding="UTF-8"?>
<!-- Generated by org.testng.reporters.JUnitReportReporter -->
<testsuite hostname="LTIN486831" failures="0" tests="6" name="testCases.MainTest" time="178.088" errors="0" timestamp="2024-04-02T15:12:12 IST" skipped="0">
  <testcase classname="testCases.MainTest" name="beCognizantTest" time="19.235"/>
  <system-out/>
  <testcase classname="testCases.MainTest" name="beCognizantTest" time="17.879"/>
  <system-out/>
  <testcase classname="testCases.MainTest" name="oneCognizantTest" time="5.162"/>
  <system-out/>
  <testcase classname="testCases.MainTest" name="oneCognizantTest" time="66.082"/>
  <system-out/>
  <testcase classname="testCases.MainTest" name="GSDHomePageTest" time="36.064"/>
  <system-out/>
  <testcase classname="testCases.MainTest" name="GSDHomePageTest" time="33.666"/>
  <system-out/>
</testsuite> <!-- testCases.MainTest -->
